<?xml version="1.0" encoding="UTF-8"?>
<testsuite name="com.example.inicial1.services.DnaServiceTest" tests="1" skipped="0" failures="0" errors="0" timestamp="2024-10-08T21:14:03" hostname="MARTINA2023" time="0.022">
  <properties/>
  <testcase name="testMutant2()" classname="com.example.inicial1.services.DnaServiceTest" time="0.022"/>
  <system-out><![CDATA[]]></system-out>
  <system-err><![CDATA[]]></system-err>
</testsuite>
